The system is: Linux - 6.2.0-39-generic - x86_64
Compiling the C compiler identification source file "CMakeCCompilerId.c" succeeded.
Compiler: /usr/bin/cc 
Build flags: 
Id flags:  

The output was:
0


Compilation of the C compiler identification source "CMakeCCompilerId.c" produced "a.out"

The C compiler identification is GNU, found in "/home/hemant/Siddhant/RTR/01-XWindows/03-FreeGlut/freeglut-3.4.0/CMakeFiles/3.22.1/CompilerIdC/a.out"

Detecting C compiler ABI info compiled with the following output:
Change Dir: /home/hemant/Siddhant/RTR/01-XWindows/03-FreeGlut/freeglut-3.4.0/CMakeFiles/CMakeTmp

Run Build Command(s):/usr/bin/gmake -f Makefile cmTC_6a366/fast && /usr/bin/gmake  -f CMakeFiles/cmTC_6a366.dir/build.make CMakeFiles/cmTC_6a366.dir/build
gmake[1]: Entering directory '/home/hemant/Siddhant/RTR/01-XWindows/03-FreeGlut/freeglut-3.4.0/CMakeFiles/CMakeTmp'
Building C object CMakeFiles/cmTC_6a366.dir/CMakeCCompilerABI.c.o
/usr/bin/cc   -v -o CMakeFiles/cmTC_6a366.dir/CMakeCCompilerABI.c.o -c /usr/share/cmake-3.22/Modules/CMakeCCompilerABI.c
Using built-in specs.
COLLECT_GCC=/usr/bin/cc
OFFLOAD_TARGET_NAMES=nvptx-none:amdgcn-amdhsa
OFFLOAD_TARGET_DEFAULT=1
Target: x86_64-linux-gnu
Configured with: ../src/configure -v --with-pkgversion='Ubuntu 11.4.0-1ubuntu1~22.04' --with-bugurl=file:///usr/share/doc/gcc-11/README.Bugs --enable-languages=c,ada,c++,go,brig,d,fortran,objc,obj-c++,m2 --prefix=/usr --with-gcc-major-version-only --program-suffix=-11 --program-prefix=x86_64-linux-gnu- --enable-shared --enable-linker-build-id --libexecdir=/usr/lib --without-included-gettext --enable-threads=posix --libdir=/usr/lib --enable-nls --enable-bootstrap --enable-clocale=gnu --enable-libstdcxx-debug --enable-libstdcxx-time=yes --with-default-libstdcxx-abi=new --enable-gnu-unique-object --disable-vtable-verify --enable-plugin --enable-default-pie --with-system-zlib --enable-libphobos-checking=release --with-target-system-zlib=auto --enable-objc-gc=auto --enable-multiarch --disable-werror --enable-cet --with-arch-32=i686 --with-abi=m64 --with-multilib-list=m32,m64,mx32 --enable-multilib --with-tune=generic --enable-offload-targets=nvptx-none=/build/gcc-11-XeT9lY/gcc-11-11.4.0/debian/tmp-nvptx/usr,amdgcn-amdhsa=/build/gcc-11-XeT9lY/gcc-11-11.4.0/debian/tmp-gcn/usr --without-cuda-driver --enable-checking=release --build=x86_64-linux-gnu --host=x86_64-linux-gnu --target=x86_64-linux-gnu --with-build-config=bootstrap-lto-lean --enable-link-serialization=2
Thread model: posix
Supported LTO compression algorithms: zlib zstd
gcc version 11.4.0 (Ubuntu 11.4.0-1ubuntu1~22.04) 
COLLECT_GCC_OPTIONS='-v' '-o' 'CMakeFiles/cmTC_6a366.dir/CMakeCCompilerABI.c.o' '-c' '-mtune=generic' '-march=x86-64' '-dumpdir' 'CMakeFiles/cmTC_6a366.dir/'
 /usr/lib/gcc/x86_64-linux-gnu/11/cc1 -quiet -v -imultiarch x86_64-linux-gnu /usr/share/cmake-3.22/Modules/CMakeCCompilerABI.c -quiet -dumpdir CMakeFiles/cmTC_6a366.dir/ -dumpbase CMakeCCompilerABI.c.c -dumpbase-ext .c -mtune=generic -march=x86-64 -version -fasynchronous-unwind-tables -fstack-protector-strong -Wformat -Wformat-security -fstack-clash-protection -fcf-protection -o /tmp/ccU3tc5P.s
GNU C17 (Ubuntu 11.4.0-1ubuntu1~22.04) version 11.4.0 (x86_64-linux-gnu)
	compiled by GNU C version 11.4.0, GMP version 6.2.1, MPFR version 4.1.0, MPC version 1.2.1, isl version isl-0.24-GMP

GGC heuristics: --param ggc-min-expand=100 --param ggc-min-heapsize=131072
ignoring nonexistent directory "/usr/local/include/x86_64-linux-gnu"
ignoring nonexistent directory "/usr/lib/gcc/x86_64-linux-gnu/11/include-fixed"
ignoring nonexistent directory "/usr/lib/gcc/x86_64-linux-gnu/11/../../../../x86_64-linux-gnu/include"
#include "..." search starts here:
#include <...> search starts here:
 /usr/lib/gcc/x86_64-linux-gnu/11/include
 /usr/local/include
 /usr/include/x86_64-linux-gnu
 /usr/include
End of search list.
GNU C17 (Ubuntu 11.4.0-1ubuntu1~22.04) version 11.4.0 (x86_64-linux-gnu)
	compiled by GNU C version 11.4.0, GMP version 6.2.1, MPFR version 4.1.0, MPC version 1.2.1, isl version isl-0.24-GMP

GGC heuristics: --param ggc-min-expand=100 --param ggc-min-heapsize=131072
Compiler executable checksum: 50eaa2331df977b8016186198deb2d18
COLLECT_GCC_OPTIONS='-v' '-o' 'CMakeFiles/cmTC_6a366.dir/CMakeCCompilerABI.c.o' '-c' '-mtune=generic' '-march=x86-64' '-dumpdir' 'CMakeFiles/cmTC_6a366.dir/'
 as -v --64 -o CMakeFiles/cmTC_6a366.dir/CMakeCCompilerABI.c.o /tmp/ccU3tc5P.s
GNU assembler version 2.38 (x86_64-linux-gnu) using BFD version (GNU Binutils for Ubuntu) 2.38
COMPILER_PATH=/usr/lib/gcc/x86_64-linux-gnu/11/:/usr/lib/gcc/x86_64-linux-gnu/11/:/usr/lib/gcc/x86_64-linux-gnu/:/usr/lib/gcc/x86_64-linux-gnu/11/:/usr/lib/gcc/x86_64-linux-gnu/
LIBRARY_PATH=/usr/lib/gcc/x86_64-linux-gnu/11/:/usr/lib/gcc/x86_64-linux-gnu/11/../../../x86_64-linux-gnu/:/usr/lib/gcc/x86_64-linux-gnu/11/../../../../lib/:/lib/x86_64-linux-gnu/:/lib/../lib/:/usr/lib/x86_64-linux-gnu/:/usr/lib/../lib/:/usr/lib/gcc/x86_64-linux-gnu/11/../../../:/lib/:/usr/lib/
COLLECT_GCC_OPTIONS='-v' '-o' 'CMakeFiles/cmTC_6a366.dir/CMakeCCompilerABI.c.o' '-c' '-mtune=generic' '-march=x86-64' '-dumpdir' 'CMakeFiles/cmTC_6a366.dir/CMakeCCompilerABI.c.'
Linking C executable cmTC_6a366
/usr/bin/cmake -E cmake_link_script CMakeFiles/cmTC_6a366.dir/link.txt --verbose=1
/usr/bin/cc  -v -rdynamic CMakeFiles/cmTC_6a366.dir/CMakeCCompilerABI.c.o -o cmTC_6a366 
Using built-in specs.
COLLECT_GCC=/usr/bin/cc
COLLECT_LTO_WRAPPER=/usr/lib/gcc/x86_64-linux-gnu/11/lto-wrapper
OFFLOAD_TARGET_NAMES=nvptx-none:amdgcn-amdhsa
OFFLOAD_TARGET_DEFAULT=1
Target: x86_64-linux-gnu
Configured with: ../src/configure -v --with-pkgversion='Ubuntu 11.4.0-1ubuntu1~22.04' --with-bugurl=file:///usr/share/doc/gcc-11/README.Bugs --enable-languages=c,ada,c++,go,brig,d,fortran,objc,obj-c++,m2 --prefix=/usr --with-gcc-major-version-only --program-suffix=-11 --program-prefix=x86_64-linux-gnu- --enable-shared --enable-linker-build-id --libexecdir=/usr/lib --without-included-gettext --enable-threads=posix --libdir=/usr/lib --enable-nls --enable-bootstrap --enable-clocale=gnu --enable-libstdcxx-debug --enable-libstdcxx-time=yes --with-default-libstdcxx-abi=new --enable-gnu-unique-object --disable-vtable-verify --enable-plugin --enable-default-pie --with-system-zlib --enable-libphobos-checking=release --with-target-system-zlib=auto --enable-objc-gc=auto --enable-multiarch --disable-werror --enable-cet --with-arch-32=i686 --with-abi=m64 --with-multilib-list=m32,m64,mx32 --enable-multilib --with-tune=generic --enable-offload-targets=nvptx-none=/build/gcc-11-XeT9lY/gcc-11-11.4.0/debian/tmp-nvptx/usr,amdgcn-amdhsa=/build/gcc-11-XeT9lY/gcc-11-11.4.0/debian/tmp-gcn/usr --without-cuda-driver --enable-checking=release --build=x86_64-linux-gnu --host=x86_64-linux-gnu --target=x86_64-linux-gnu --with-build-config=bootstrap-lto-lean --enable-link-serialization=2
Thread model: posix
Supported LTO compression algorithms: zlib zstd
gcc version 11.4.0 (Ubuntu 11.4.0-1ubuntu1~22.04) 
COMPILER_PATH=/usr/lib/gcc/x86_64-linux-gnu/11/:/usr/lib/gcc/x86_64-linux-gnu/11/:/usr/lib/gcc/x86_64-linux-gnu/:/usr/lib/gcc/x86_64-linux-gnu/11/:/usr/lib/gcc/x86_64-linux-gnu/
LIBRARY_PATH=/usr/lib/gcc/x86_64-linux-gnu/11/:/usr/lib/gcc/x86_64-linux-gnu/11/../../../x86_64-linux-gnu/:/usr/lib/gcc/x86_64-linux-gnu/11/../../../../lib/:/lib/x86_64-linux-gnu/:/lib/../lib/:/usr/lib/x86_64-linux-gnu/:/usr/lib/../lib/:/usr/lib/gcc/x86_64-linux-gnu/11/../../../:/lib/:/usr/lib/
COLLECT_GCC_OPTIONS='-v' '-rdynamic' '-o' 'cmTC_6a366' '-mtune=generic' '-march=x86-64' '-dumpdir' 'cmTC_6a366.'
 /usr/lib/gcc/x86_64-linux-gnu/11/collect2 -plugin /usr/lib/gcc/x86_64-linux-gnu/11/liblto_plugin.so -plugin-opt=/usr/lib/gcc/x86_64-linux-gnu/11/lto-wrapper -plugin-opt=-fresolution=/tmp/ccqwpdRq.res -plugin-opt=-pass-through=-lgcc -plugin-opt=-pass-through=-lgcc_s -plugin-opt=-pass-through=-lc -plugin-opt=-pass-through=-lgcc -plugin-opt=-pass-through=-lgcc_s --build-id --eh-frame-hdr -m elf_x86_64 --hash-style=gnu --as-needed -export-dynamic -dynamic-linker /lib64/ld-linux-x86-64.so.2 -pie -z now -z relro -o cmTC_6a366 /usr/lib/gcc/x86_64-linux-gnu/11/../../../x86_64-linux-gnu/Scrt1.o /usr/lib/gcc/x86_64-linux-gnu/11/../../../x86_64-linux-gnu/crti.o /usr/lib/gcc/x86_64-linux-gnu/11/crtbeginS.o -L/usr/lib/gcc/x86_64-linux-gnu/11 -L/usr/lib/gcc/x86_64-linux-gnu/11/../../../x86_64-linux-gnu -L/usr/lib/gcc/x86_64-linux-gnu/11/../../../../lib -L/lib/x86_64-linux-gnu -L/lib/../lib -L/usr/lib/x86_64-linux-gnu -L/usr/lib/../lib -L/usr/lib/gcc/x86_64-linux-gnu/11/../../.. CMakeFiles/cmTC_6a366.dir/CMakeCCompilerABI.c.o -lgcc --push-state --as-needed -lgcc_s --pop-state -lc -lgcc --push-state --as-needed -lgcc_s --pop-state /usr/lib/gcc/x86_64-linux-gnu/11/crtendS.o /usr/lib/gcc/x86_64-linux-gnu/11/../../../x86_64-linux-gnu/crtn.o
COLLECT_GCC_OPTIONS='-v' '-rdynamic' '-o' 'cmTC_6a366' '-mtune=generic' '-march=x86-64' '-dumpdir' 'cmTC_6a366.'
gmake[1]: Leaving directory '/home/hemant/Siddhant/RTR/01-XWindows/03-FreeGlut/freeglut-3.4.0/CMakeFiles/CMakeTmp'



Parsed C implicit include dir info from above output: rv=done
  found start of include info
  found start of implicit include info
    add: [/usr/lib/gcc/x86_64-linux-gnu/11/include]
    add: [/usr/local/include]
    add: [/usr/include/x86_64-linux-gnu]
    add: [/usr/include]
  end of search list found
  collapse include dir [/usr/lib/gcc/x86_64-linux-gnu/11/include] ==> [/usr/lib/gcc/x86_64-linux-gnu/11/include]
  collapse include dir [/usr/local/include] ==> [/usr/local/include]
  collapse include dir [/usr/include/x86_64-linux-gnu] ==> [/usr/include/x86_64-linux-gnu]
  collapse include dir [/usr/include] ==> [/usr/include]
  implicit include dirs: [/usr/lib/gcc/x86_64-linux-gnu/11/include;/usr/local/include;/usr/include/x86_64-linux-gnu;/usr/include]


Parsed C implicit link information from above output:
  link line regex: [^( *|.*[/\])(ld|CMAKE_LINK_STARTFILE-NOTFOUND|([^/\]+-)?ld|collect2)[^/\]*( |$)]
  ignore line: [Change Dir: /home/hemant/Siddhant/RTR/01-XWindows/03-FreeGlut/freeglut-3.4.0/CMakeFiles/CMakeTmp]
  ignore line: []
  ignore line: [Run Build Command(s):/usr/bin/gmake -f Makefile cmTC_6a366/fast && /usr/bin/gmake  -f CMakeFiles/cmTC_6a366.dir/build.make CMakeFiles/cmTC_6a366.dir/build]
  ignore line: [gmake[1]: Entering directory '/home/hemant/Siddhant/RTR/01-XWindows/03-FreeGlut/freeglut-3.4.0/CMakeFiles/CMakeTmp']
  ignore line: [Building C object CMakeFiles/cmTC_6a366.dir/CMakeCCompilerABI.c.o]
  ignore line: [/usr/bin/cc   -v -o CMakeFiles/cmTC_6a366.dir/CMakeCCompilerABI.c.o -c /usr/share/cmake-3.22/Modules/CMakeCCompilerABI.c]
  ignore line: [Using built-in specs.]
  ignore line: [COLLECT_GCC=/usr/bin/cc]
  ignore line: [OFFLOAD_TARGET_NAMES=nvptx-none:amdgcn-amdhsa]
  ignore line: [OFFLOAD_TARGET_DEFAULT=1]
  ignore line: [Target: x86_64-linux-gnu]
  ignore line: [Configured with: ../src/configure -v --with-pkgversion='Ubuntu 11.4.0-1ubuntu1~22.04' --with-bugurl=file:///usr/share/doc/gcc-11/README.Bugs --enable-languages=c ada c++ go brig d fortran objc obj-c++ m2 --prefix=/usr --with-gcc-major-version-only --program-suffix=-11 --program-prefix=x86_64-linux-gnu- --enable-shared --enable-linker-build-id --libexecdir=/usr/lib --without-included-gettext --enable-threads=posix --libdir=/usr/lib --enable-nls --enable-bootstrap --enable-clocale=gnu --enable-libstdcxx-debug --enable-libstdcxx-time=yes --with-default-libstdcxx-abi=new --enable-gnu-unique-object --disable-vtable-verify --enable-plugin --enable-default-pie --with-system-zlib --enable-libphobos-checking=release --with-target-system-zlib=auto --enable-objc-gc=auto --enable-multiarch --disable-werror --enable-cet --with-arch-32=i686 --with-abi=m64 --with-multilib-list=m32 m64 mx32 --enable-multilib --with-tune=generic --enable-offload-targets=nvptx-none=/build/gcc-11-XeT9lY/gcc-11-11.4.0/debian/tmp-nvptx/usr amdgcn-amdhsa=/build/gcc-11-XeT9lY/gcc-11-11.4.0/debian/tmp-gcn/usr --without-cuda-driver --enable-checking=release --build=x86_64-linux-gnu --host=x86_64-linux-gnu --target=x86_64-linux-gnu --with-build-config=bootstrap-lto-lean --enable-link-serialization=2]
  ignore line: [Thread model: posix]
  ignore line: [Supported LTO compression algorithms: zlib zstd]
  ignore line: [gcc version 11.4.0 (Ubuntu 11.4.0-1ubuntu1~22.04) ]
  ignore line: [COLLECT_GCC_OPTIONS='-v' '-o' 'CMakeFiles/cmTC_6a366.dir/CMakeCCompilerABI.c.o' '-c' '-mtune=generic' '-march=x86-64' '-dumpdir' 'CMakeFiles/cmTC_6a366.dir/']
  ignore line: [ /usr/lib/gcc/x86_64-linux-gnu/11/cc1 -quiet -v -imultiarch x86_64-linux-gnu /usr/share/cmake-3.22/Modules/CMakeCCompilerABI.c -quiet -dumpdir CMakeFiles/cmTC_6a366.dir/ -dumpbase CMakeCCompilerABI.c.c -dumpbase-ext .c -mtune=generic -march=x86-64 -version -fasynchronous-unwind-tables -fstack-protector-strong -Wformat -Wformat-security -fstack-clash-protection -fcf-protection -o /tmp/ccU3tc5P.s]
  ignore line: [GNU C17 (Ubuntu 11.4.0-1ubuntu1~22.04) version 11.4.0 (x86_64-linux-gnu)]
  ignore line: [	compiled by GNU C version 11.4.0  GMP version 6.2.1  MPFR version 4.1.0  MPC version 1.2.1  isl version isl-0.24-GMP]
  ignore line: []
  ignore line: [GGC heuristics: --param ggc-min-expand=100 --param ggc-min-heapsize=131072]
  ignore line: [ignoring nonexistent directory "/usr/local/include/x86_64-linux-gnu"]
  ignore line: [ignoring nonexistent directory "/usr/lib/gcc/x86_64-linux-gnu/11/include-fixed"]
  ignore line: [ignoring nonexistent directory "/usr/lib/gcc/x86_64-linux-gnu/11/../../../../x86_64-linux-gnu/include"]
  ignore line: [#include "..." search starts here:]
  ignore line: [#include <...> search starts here:]
  ignore line: [ /usr/lib/gcc/x86_64-linux-gnu/11/include]
  ignore line: [ /usr/local/include]
  ignore line: [ /usr/include/x86_64-linux-gnu]
  ignore line: [ /usr/include]
  ignore line: [End of search list.]
  ignore line: [GNU C17 (Ubuntu 11.4.0-1ubuntu1~22.04) version 11.4.0 (x86_64-linux-gnu)]
  ignore line: [	compiled by GNU C version 11.4.0  GMP version 6.2.1  MPFR version 4.1.0  MPC version 1.2.1  isl version isl-0.24-GMP]
  ignore line: []
  ignore line: [GGC heuristics: --param ggc-min-expand=100 --param ggc-min-heapsize=131072]
  ignore line: [Compiler executable checksum: 50eaa2331df977b8016186198deb2d18]
  ignore line: [COLLECT_GCC_OPTIONS='-v' '-o' 'CMakeFiles/cmTC_6a366.dir/CMakeCCompilerABI.c.o' '-c' '-mtune=generic' '-march=x86-64' '-dumpdir' 'CMakeFiles/cmTC_6a366.dir/']
  ignore line: [ as -v --64 -o CMakeFiles/cmTC_6a366.dir/CMakeCCompilerABI.c.o /tmp/ccU3tc5P.s]
  ignore line: [GNU assembler version 2.38 (x86_64-linux-gnu) using BFD version (GNU Binutils for Ubuntu) 2.38]
  ignore line: [COMPILER_PATH=/usr/lib/gcc/x86_64-linux-gnu/11/:/usr/lib/gcc/x86_64-linux-gnu/11/:/usr/lib/gcc/x86_64-linux-gnu/:/usr/lib/gcc/x86_64-linux-gnu/11/:/usr/lib/gcc/x86_64-linux-gnu/]
  ignore line: [LIBRARY_PATH=/usr/lib/gcc/x86_64-linux-gnu/11/:/usr/lib/gcc/x86_64-linux-gnu/11/../../../x86_64-linux-gnu/:/usr/lib/gcc/x86_64-linux-gnu/11/../../../../lib/:/lib/x86_64-linux-gnu/:/lib/../lib/:/usr/lib/x86_64-linux-gnu/:/usr/lib/../lib/:/usr/lib/gcc/x86_64-linux-gnu/11/../../../:/lib/:/usr/lib/]
  ignore line: [COLLECT_GCC_OPTIONS='-v' '-o' 'CMakeFiles/cmTC_6a366.dir/CMakeCCompilerABI.c.o' '-c' '-mtune=generic' '-march=x86-64' '-dumpdir' 'CMakeFiles/cmTC_6a366.dir/CMakeCCompilerABI.c.']
  ignore line: [Linking C executable cmTC_6a366]
  ignore line: [/usr/bin/cmake -E cmake_link_script CMakeFiles/cmTC_6a366.dir/link.txt --verbose=1]
  ignore line: [/usr/bin/cc  -v -rdynamic CMakeFiles/cmTC_6a366.dir/CMakeCCompilerABI.c.o -o cmTC_6a366 ]
  ignore line: [Using built-in specs.]
  ignore line: [COLLECT_GCC=/usr/bin/cc]
  ignore line: [COLLECT_LTO_WRAPPER=/usr/lib/gcc/x86_64-linux-gnu/11/lto-wrapper]
  ignore line: [OFFLOAD_TARGET_NAMES=nvptx-none:amdgcn-amdhsa]
  ignore line: [OFFLOAD_TARGET_DEFAULT=1]
  ignore line: [Target: x86_64-linux-gnu]
  ignore line: [Configured with: ../src/configure -v --with-pkgversion='Ubuntu 11.4.0-1ubuntu1~22.04' --with-bugurl=file:///usr/share/doc/gcc-11/README.Bugs --enable-languages=c ada c++ go brig d fortran objc obj-c++ m2 --prefix=/usr --with-gcc-major-version-only --program-suffix=-11 --program-prefix=x86_64-linux-gnu- --enable-shared --enable-linker-build-id --libexecdir=/usr/lib --without-included-gettext --enable-threads=posix --libdir=/usr/lib --enable-nls --enable-bootstrap --enable-clocale=gnu --enable-libstdcxx-debug --enable-libstdcxx-time=yes --with-default-libstdcxx-abi=new --enable-gnu-unique-object --disable-vtable-verify --enable-plugin --enable-default-pie --with-system-zlib --enable-libphobos-checking=release --with-target-system-zlib=auto --enable-objc-gc=auto --enable-multiarch --disable-werror --enable-cet --with-arch-32=i686 --with-abi=m64 --with-multilib-list=m32 m64 mx32 --enable-multilib --with-tune=generic --enable-offload-targets=nvptx-none=/build/gcc-11-XeT9lY/gcc-11-11.4.0/debian/tmp-nvptx/usr amdgcn-amdhsa=/build/gcc-11-XeT9lY/gcc-11-11.4.0/debian/tmp-gcn/usr --without-cuda-driver --enable-checking=release --build=x86_64-linux-gnu --host=x86_64-linux-gnu --target=x86_64-linux-gnu --with-build-config=bootstrap-lto-lean --enable-link-serialization=2]
  ignore line: [Thread model: posix]
  ignore line: [Supported LTO compression algorithms: zlib zstd]
  ignore line: [gcc version 11.4.0 (Ubuntu 11.4.0-1ubuntu1~22.04) ]
  ignore line: [COMPILER_PATH=/usr/lib/gcc/x86_64-linux-gnu/11/:/usr/lib/gcc/x86_64-linux-gnu/11/:/usr/lib/gcc/x86_64-linux-gnu/:/usr/lib/gcc/x86_64-linux-gnu/11/:/usr/lib/gcc/x86_64-linux-gnu/]
  ignore line: [LIBRARY_PATH=/usr/lib/gcc/x86_64-linux-gnu/11/:/usr/lib/gcc/x86_64-linux-gnu/11/../../../x86_64-linux-gnu/:/usr/lib/gcc/x86_64-linux-gnu/11/../../../../lib/:/lib/x86_64-linux-gnu/:/lib/../lib/:/usr/lib/x86_64-linux-gnu/:/usr/lib/../lib/:/usr/lib/gcc/x86_64-linux-gnu/11/../../../:/lib/:/usr/lib/]
  ignore line: [COLLECT_GCC_OPTIONS='-v' '-rdynamic' '-o' 'cmTC_6a366' '-mtune=generic' '-march=x86-64' '-dumpdir' 'cmTC_6a366.']
  link line: [ /usr/lib/gcc/x86_64-linux-gnu/11/collect2 -plugin /usr/lib/gcc/x86_64-linux-gnu/11/liblto_plugin.so -plugin-opt=/usr/lib/gcc/x86_64-linux-gnu/11/lto-wrapper -plugin-opt=-fresolution=/tmp/ccqwpdRq.res -plugin-opt=-pass-through=-lgcc -plugin-opt=-pass-through=-lgcc_s -plugin-opt=-pass-through=-lc -plugin-opt=-pass-through=-lgcc -plugin-opt=-pass-through=-lgcc_s --build-id --eh-frame-hdr -m elf_x86_64 --hash-style=gnu --as-needed -export-dynamic -dynamic-linker /lib64/ld-linux-x86-64.so.2 -pie -z now -z relro -o cmTC_6a366 /usr/lib/gcc/x86_64-linux-gnu/11/../../../x86_64-linux-gnu/Scrt1.o /usr/lib/gcc/x86_64-linux-gnu/11/../../../x86_64-linux-gnu/crti.o /usr/lib/gcc/x86_64-linux-gnu/11/crtbeginS.o -L/usr/lib/gcc/x86_64-linux-gnu/11 -L/usr/lib/gcc/x86_64-linux-gnu/11/../../../x86_64-linux-gnu -L/usr/lib/gcc/x86_64-linux-gnu/11/../../../../lib -L/lib/x86_64-linux-gnu -L/lib/../lib -L/usr/lib/x86_64-linux-gnu -L/usr/lib/../lib -L/usr/lib/gcc/x86_64-linux-gnu/11/../../.. CMakeFiles/cmTC_6a366.dir/CMakeCCompilerABI.c.o -lgcc --push-state --as-needed -lgcc_s --pop-state -lc -lgcc --push-state --as-needed -lgcc_s --pop-state /usr/lib/gcc/x86_64-linux-gnu/11/crtendS.o /usr/lib/gcc/x86_64-linux-gnu/11/../../../x86_64-linux-gnu/crtn.o]
    arg [/usr/lib/gcc/x86_64-linux-gnu/11/collect2] ==> ignore
    arg [-plugin] ==> ignore
    arg [/usr/lib/gcc/x86_64-linux-gnu/11/liblto_plugin.so] ==> ignore
    arg [-plugin-opt=/usr/lib/gcc/x86_64-linux-gnu/11/lto-wrapper] ==> ignore
    arg [-plugin-opt=-fresolution=/tmp/ccqwpdRq.res] ==> ignore
    arg [-plugin-opt=-pass-through=-lgcc] ==> ignore
    arg [-plugin-opt=-pass-through=-lgcc_s] ==> ignore
    arg [-plugin-opt=-pass-through=-lc] ==> ignore
    arg [-plugin-opt=-pass-through=-lgcc] ==> ignore
    arg [-plugin-opt=-pass-through=-lgcc_s] ==> ignore
    arg [--build-id] ==> ignore
    arg [--eh-frame-hdr] ==> ignore
    arg [-m] ==> ignore
    arg [elf_x86_64] ==> ignore
    arg [--hash-style=gnu] ==> ignore
    arg [--as-needed] ==> ignore
    arg [-export-dynamic] ==> ignore
    arg [-dynamic-linker] ==> ignore
    arg [/lib64/ld-linux-x86-64.so.2] ==> ignore
    arg [-pie] ==> ignore
    arg [-znow] ==> ignore
    arg [-zrelro] ==> ignore
    arg [-o] ==> ignore
    arg [cmTC_6a366] ==> ignore
    arg [/usr/lib/gcc/x86_64-linux-gnu/11/../../../x86_64-linux-gnu/Scrt1.o] ==> obj [/usr/lib/gcc/x86_64-linux-gnu/11/../../../x86_64-linux-gnu/Scrt1.o]
    arg [/usr/lib/gcc/x86_64-linux-gnu/11/../../../x86_64-linux-gnu/crti.o] ==> obj [/usr/lib/gcc/x86_64-linux-gnu/11/../../../x86_64-linux-gnu/crti.o]
    arg [/usr/lib/gcc/x86_64-linux-gnu/11/crtbeginS.o] ==> obj [/usr/lib/gcc/x86_64-linux-gnu/11/crtbeginS.o]
    arg [-L/usr/lib/gcc/x86_64-linux-gnu/11] ==> dir [/usr/lib/gcc/x86_64-linux-gnu/11]
    arg [-L/usr/lib/gcc/x86_64-linux-gnu/11/../../../x86_64-linux-gnu] ==> dir [/usr/lib/gcc/x86_64-linux-gnu/11/../../../x86_64-linux-gnu]
    arg [-L/usr/lib/gcc/x86_64-linux-gnu/11/../../../../lib] ==> dir [/usr/lib/gcc/x86_64-linux-gnu/11/../../../../lib]
    arg [-L/lib/x86_64-linux-gnu] ==> dir [/lib/x86_64-linux-gnu]
    arg [-L/lib/../lib] ==> dir [/lib/../lib]
    arg [-L/usr/lib/x86_64-linux-gnu] ==> dir [/usr/lib/x86_64-linux-gnu]
    arg [-L/usr/lib/../lib] ==> dir [/usr/lib/../lib]
    arg [-L/usr/lib/gcc/x86_64-linux-gnu/11/../../..] ==> dir [/usr/lib/gcc/x86_64-linux-gnu/11/../../..]
    arg [CMakeFiles/cmTC_6a366.dir/CMakeCCompilerABI.c.o] ==> ignore
    arg [-lgcc] ==> lib [gcc]
    arg [--push-state] ==> ignore
    arg [--as-needed] ==> ignore
    arg [-lgcc_s] ==> lib [gcc_s]
    arg [--pop-state] ==> ignore
    arg [-lc] ==> lib [c]
    arg [-lgcc] ==> lib [gcc]
    arg [--push-state] ==> ignore
    arg [--as-needed] ==> ignore
    arg [-lgcc_s] ==> lib [gcc_s]
    arg [--pop-state] ==> ignore
    arg [/usr/lib/gcc/x86_64-linux-gnu/11/crtendS.o] ==> obj [/usr/lib/gcc/x86_64-linux-gnu/11/crtendS.o]
    arg [/usr/lib/gcc/x86_64-linux-gnu/11/../../../x86_64-linux-gnu/crtn.o] ==> obj [/usr/lib/gcc/x86_64-linux-gnu/11/../../../x86_64-linux-gnu/crtn.o]
  collapse obj [/usr/lib/gcc/x86_64-linux-gnu/11/../../../x86_64-linux-gnu/Scrt1.o] ==> [/usr/lib/x86_64-linux-gnu/Scrt1.o]
  collapse obj [/usr/lib/gcc/x86_64-linux-gnu/11/../../../x86_64-linux-gnu/crti.o] ==> [/usr/lib/x86_64-linux-gnu/crti.o]
  collapse obj [/usr/lib/gcc/x86_64-linux-gnu/11/../../../x86_64-linux-gnu/crtn.o] ==> [/usr/lib/x86_64-linux-gnu/crtn.o]
  collapse library dir [/usr/lib/gcc/x86_64-linux-gnu/11] ==> [/usr/lib/gcc/x86_64-linux-gnu/11]
  collapse library dir [/usr/lib/gcc/x86_64-linux-gnu/11/../../../x86_64-linux-gnu] ==> [/usr/lib/x86_64-linux-gnu]
  collapse library dir [/usr/lib/gcc/x86_64-linux-gnu/11/../../../../lib] ==> [/usr/lib]
  collapse library dir [/lib/x86_64-linux-gnu] ==> [/lib/x86_64-linux-gnu]
  collapse library dir [/lib/../lib] ==> [/lib]
  collapse library dir [/usr/lib/x86_64-linux-gnu] ==> [/usr/lib/x86_64-linux-gnu]
  collapse library dir [/usr/lib/../lib] ==> [/usr/lib]
  collapse library dir [/usr/lib/gcc/x86_64-linux-gnu/11/../../..] ==> [/usr/lib]
  implicit libs: [gcc;gcc_s;c;gcc;gcc_s]
  implicit objs: [/usr/lib/x86_64-linux-gnu/Scrt1.o;/usr/lib/x86_64-linux-gnu/crti.o;/usr/lib/gcc/x86_64-linux-gnu/11/crtbeginS.o;/usr/lib/gcc/x86_64-linux-gnu/11/crtendS.o;/usr/lib/x86_64-linux-gnu/crtn.o]
  implicit dirs: [/usr/lib/gcc/x86_64-linux-gnu/11;/usr/lib/x86_64-linux-gnu;/usr/lib;/lib/x86_64-linux-gnu;/lib]
  implicit fwks: []


Determining if the function XOpenDisplay exists in the /usr/lib/x86_64-linux-gnu/libX11.so;/usr/lib/x86_64-linux-gnu/libXext.so passed with the following output:
Change Dir: /home/hemant/Siddhant/RTR/01-XWindows/03-FreeGlut/freeglut-3.4.0/CMakeFiles/CMakeTmp

Run Build Command(s):/usr/bin/gmake -f Makefile cmTC_e7d87/fast && /usr/bin/gmake  -f CMakeFiles/cmTC_e7d87.dir/build.make CMakeFiles/cmTC_e7d87.dir/build
gmake[1]: Entering directory '/home/hemant/Siddhant/RTR/01-XWindows/03-FreeGlut/freeglut-3.4.0/CMakeFiles/CMakeTmp'
Building C object CMakeFiles/cmTC_e7d87.dir/CheckFunctionExists.c.o
/usr/bin/cc   -DCHECK_FUNCTION_EXISTS=XOpenDisplay -o CMakeFiles/cmTC_e7d87.dir/CheckFunctionExists.c.o -c /usr/share/cmake-3.22/Modules/CheckFunctionExists.c
Linking C executable cmTC_e7d87
/usr/bin/cmake -E cmake_link_script CMakeFiles/cmTC_e7d87.dir/link.txt --verbose=1
/usr/bin/cc  -DCHECK_FUNCTION_EXISTS=XOpenDisplay -rdynamic CMakeFiles/cmTC_e7d87.dir/CheckFunctionExists.c.o -o cmTC_e7d87  /usr/lib/x86_64-linux-gnu/libX11.so /usr/lib/x86_64-linux-gnu/libXext.so 
gmake[1]: Leaving directory '/home/hemant/Siddhant/RTR/01-XWindows/03-FreeGlut/freeglut-3.4.0/CMakeFiles/CMakeTmp'



Determining if the function gethostbyname exists passed with the following output:
Change Dir: /home/hemant/Siddhant/RTR/01-XWindows/03-FreeGlut/freeglut-3.4.0/CMakeFiles/CMakeTmp

Run Build Command(s):/usr/bin/gmake -f Makefile cmTC_aee34/fast && /usr/bin/gmake  -f CMakeFiles/cmTC_aee34.dir/build.make CMakeFiles/cmTC_aee34.dir/build
gmake[1]: Entering directory '/home/hemant/Siddhant/RTR/01-XWindows/03-FreeGlut/freeglut-3.4.0/CMakeFiles/CMakeTmp'
Building C object CMakeFiles/cmTC_aee34.dir/CheckFunctionExists.c.o
/usr/bin/cc   -DCHECK_FUNCTION_EXISTS=gethostbyname -o CMakeFiles/cmTC_aee34.dir/CheckFunctionExists.c.o -c /usr/share/cmake-3.22/Modules/CheckFunctionExists.c
Linking C executable cmTC_aee34
/usr/bin/cmake -E cmake_link_script CMakeFiles/cmTC_aee34.dir/link.txt --verbose=1
/usr/bin/cc  -DCHECK_FUNCTION_EXISTS=gethostbyname -rdynamic CMakeFiles/cmTC_aee34.dir/CheckFunctionExists.c.o -o cmTC_aee34 
gmake[1]: Leaving directory '/home/hemant/Siddhant/RTR/01-XWindows/03-FreeGlut/freeglut-3.4.0/CMakeFiles/CMakeTmp'



Determining if the function connect exists passed with the following output:
Change Dir: /home/hemant/Siddhant/RTR/01-XWindows/03-FreeGlut/freeglut-3.4.0/CMakeFiles/CMakeTmp

Run Build Command(s):/usr/bin/gmake -f Makefile cmTC_22953/fast && /usr/bin/gmake  -f CMakeFiles/cmTC_22953.dir/build.make CMakeFiles/cmTC_22953.dir/build
gmake[1]: Entering directory '/home/hemant/Siddhant/RTR/01-XWindows/03-FreeGlut/freeglut-3.4.0/CMakeFiles/CMakeTmp'
Building C object CMakeFiles/cmTC_22953.dir/CheckFunctionExists.c.o
/usr/bin/cc   -DCHECK_FUNCTION_EXISTS=connect -o CMakeFiles/cmTC_22953.dir/CheckFunctionExists.c.o -c /usr/share/cmake-3.22/Modules/CheckFunctionExists.c
Linking C executable cmTC_22953
/usr/bin/cmake -E cmake_link_script CMakeFiles/cmTC_22953.dir/link.txt --verbose=1
/usr/bin/cc  -DCHECK_FUNCTION_EXISTS=connect -rdynamic CMakeFiles/cmTC_22953.dir/CheckFunctionExists.c.o -o cmTC_22953 
gmake[1]: Leaving directory '/home/hemant/Siddhant/RTR/01-XWindows/03-FreeGlut/freeglut-3.4.0/CMakeFiles/CMakeTmp'



Determining if the function remove exists passed with the following output:
Change Dir: /home/hemant/Siddhant/RTR/01-XWindows/03-FreeGlut/freeglut-3.4.0/CMakeFiles/CMakeTmp

Run Build Command(s):/usr/bin/gmake -f Makefile cmTC_e6e68/fast && /usr/bin/gmake  -f CMakeFiles/cmTC_e6e68.dir/build.make CMakeFiles/cmTC_e6e68.dir/build
gmake[1]: Entering directory '/home/hemant/Siddhant/RTR/01-XWindows/03-FreeGlut/freeglut-3.4.0/CMakeFiles/CMakeTmp'
Building C object CMakeFiles/cmTC_e6e68.dir/CheckFunctionExists.c.o
/usr/bin/cc   -DCHECK_FUNCTION_EXISTS=remove -o CMakeFiles/cmTC_e6e68.dir/CheckFunctionExists.c.o -c /usr/share/cmake-3.22/Modules/CheckFunctionExists.c
Linking C executable cmTC_e6e68
/usr/bin/cmake -E cmake_link_script CMakeFiles/cmTC_e6e68.dir/link.txt --verbose=1
/usr/bin/cc  -DCHECK_FUNCTION_EXISTS=remove -rdynamic CMakeFiles/cmTC_e6e68.dir/CheckFunctionExists.c.o -o cmTC_e6e68 
gmake[1]: Leaving directory '/home/hemant/Siddhant/RTR/01-XWindows/03-FreeGlut/freeglut-3.4.0/CMakeFiles/CMakeTmp'



Determining if the function shmat exists passed with the following output:
Change Dir: /home/hemant/Siddhant/RTR/01-XWindows/03-FreeGlut/freeglut-3.4.0/CMakeFiles/CMakeTmp

Run Build Command(s):/usr/bin/gmake -f Makefile cmTC_22ced/fast && /usr/bin/gmake  -f CMakeFiles/cmTC_22ced.dir/build.make CMakeFiles/cmTC_22ced.dir/build
gmake[1]: Entering directory '/home/hemant/Siddhant/RTR/01-XWindows/03-FreeGlut/freeglut-3.4.0/CMakeFiles/CMakeTmp'
Building C object CMakeFiles/cmTC_22ced.dir/CheckFunctionExists.c.o
/usr/bin/cc   -DCHECK_FUNCTION_EXISTS=shmat -o CMakeFiles/cmTC_22ced.dir/CheckFunctionExists.c.o -c /usr/share/cmake-3.22/Modules/CheckFunctionExists.c
Linking C executable cmTC_22ced
/usr/bin/cmake -E cmake_link_script CMakeFiles/cmTC_22ced.dir/link.txt --verbose=1
/usr/bin/cc  -DCHECK_FUNCTION_EXISTS=shmat -rdynamic CMakeFiles/cmTC_22ced.dir/CheckFunctionExists.c.o -o cmTC_22ced 
gmake[1]: Leaving directory '/home/hemant/Siddhant/RTR/01-XWindows/03-FreeGlut/freeglut-3.4.0/CMakeFiles/CMakeTmp'



Determining if files /usr/include/X11/extensions/XInput2.h exist passed with the following output:
Change Dir: /home/hemant/Siddhant/RTR/01-XWindows/03-FreeGlut/freeglut-3.4.0/CMakeFiles/CMakeTmp

Run Build Command(s):/usr/bin/gmake -f Makefile cmTC_ae8a1/fast && /usr/bin/gmake  -f CMakeFiles/cmTC_ae8a1.dir/build.make CMakeFiles/cmTC_ae8a1.dir/build
gmake[1]: Entering directory '/home/hemant/Siddhant/RTR/01-XWindows/03-FreeGlut/freeglut-3.4.0/CMakeFiles/CMakeTmp'
Building C object CMakeFiles/cmTC_ae8a1.dir/HAVE_X11_EXTENSIONS_XINPUT2_H.c.o
/usr/bin/cc    -o CMakeFiles/cmTC_ae8a1.dir/HAVE_X11_EXTENSIONS_XINPUT2_H.c.o -c /home/hemant/Siddhant/RTR/01-XWindows/03-FreeGlut/freeglut-3.4.0/CMakeFiles/CheckIncludeFiles/HAVE_X11_EXTENSIONS_XINPUT2_H.c
Linking C executable cmTC_ae8a1
/usr/bin/cmake -E cmake_link_script CMakeFiles/cmTC_ae8a1.dir/link.txt --verbose=1
/usr/bin/cc -rdynamic CMakeFiles/cmTC_ae8a1.dir/HAVE_X11_EXTENSIONS_XINPUT2_H.c.o -o cmTC_ae8a1 
gmake[1]: Leaving directory '/home/hemant/Siddhant/RTR/01-XWindows/03-FreeGlut/freeglut-3.4.0/CMakeFiles/CMakeTmp'



Determining if files sys/types.h exist passed with the following output:
Change Dir: /home/hemant/Siddhant/RTR/01-XWindows/03-FreeGlut/freeglut-3.4.0/CMakeFiles/CMakeTmp

Run Build Command(s):/usr/bin/gmake -f Makefile cmTC_f2a93/fast && /usr/bin/gmake  -f CMakeFiles/cmTC_f2a93.dir/build.make CMakeFiles/cmTC_f2a93.dir/build
gmake[1]: Entering directory '/home/hemant/Siddhant/RTR/01-XWindows/03-FreeGlut/freeglut-3.4.0/CMakeFiles/CMakeTmp'
Building C object CMakeFiles/cmTC_f2a93.dir/HAVE_SYS_TYPES_H.c.o
/usr/bin/cc   -Wall -pedantic  -o CMakeFiles/cmTC_f2a93.dir/HAVE_SYS_TYPES_H.c.o -c /home/hemant/Siddhant/RTR/01-XWindows/03-FreeGlut/freeglut-3.4.0/CMakeFiles/CheckIncludeFiles/HAVE_SYS_TYPES_H.c
Linking C executable cmTC_f2a93
/usr/bin/cmake -E cmake_link_script CMakeFiles/cmTC_f2a93.dir/link.txt --verbose=1
/usr/bin/cc  -Wall -pedantic  -rdynamic CMakeFiles/cmTC_f2a93.dir/HAVE_SYS_TYPES_H.c.o -o cmTC_f2a93 
gmake[1]: Leaving directory '/home/hemant/Siddhant/RTR/01-XWindows/03-FreeGlut/freeglut-3.4.0/CMakeFiles/CMakeTmp'



Determining if files unistd.h exist passed with the following output:
Change Dir: /home/hemant/Siddhant/RTR/01-XWindows/03-FreeGlut/freeglut-3.4.0/CMakeFiles/CMakeTmp

Run Build Command(s):/usr/bin/gmake -f Makefile cmTC_e2505/fast && /usr/bin/gmake  -f CMakeFiles/cmTC_e2505.dir/build.make CMakeFiles/cmTC_e2505.dir/build
gmake[1]: Entering directory '/home/hemant/Siddhant/RTR/01-XWindows/03-FreeGlut/freeglut-3.4.0/CMakeFiles/CMakeTmp'
Building C object CMakeFiles/cmTC_e2505.dir/HAVE_UNISTD_H.c.o
/usr/bin/cc   -Wall -pedantic  -o CMakeFiles/cmTC_e2505.dir/HAVE_UNISTD_H.c.o -c /home/hemant/Siddhant/RTR/01-XWindows/03-FreeGlut/freeglut-3.4.0/CMakeFiles/CheckIncludeFiles/HAVE_UNISTD_H.c
Linking C executable cmTC_e2505
/usr/bin/cmake -E cmake_link_script CMakeFiles/cmTC_e2505.dir/link.txt --verbose=1
/usr/bin/cc  -Wall -pedantic  -rdynamic CMakeFiles/cmTC_e2505.dir/HAVE_UNISTD_H.c.o -o cmTC_e2505 
gmake[1]: Leaving directory '/home/hemant/Siddhant/RTR/01-XWindows/03-FreeGlut/freeglut-3.4.0/CMakeFiles/CMakeTmp'



Determining if files sys/time.h exist passed with the following output:
Change Dir: /home/hemant/Siddhant/RTR/01-XWindows/03-FreeGlut/freeglut-3.4.0/CMakeFiles/CMakeTmp

Run Build Command(s):/usr/bin/gmake -f Makefile cmTC_0c8bf/fast && /usr/bin/gmake  -f CMakeFiles/cmTC_0c8bf.dir/build.make CMakeFiles/cmTC_0c8bf.dir/build
gmake[1]: Entering directory '/home/hemant/Siddhant/RTR/01-XWindows/03-FreeGlut/freeglut-3.4.0/CMakeFiles/CMakeTmp'
Building C object CMakeFiles/cmTC_0c8bf.dir/HAVE_SYS_TIME_H.c.o
/usr/bin/cc   -Wall -pedantic  -o CMakeFiles/cmTC_0c8bf.dir/HAVE_SYS_TIME_H.c.o -c /home/hemant/Siddhant/RTR/01-XWindows/03-FreeGlut/freeglut-3.4.0/CMakeFiles/CheckIncludeFiles/HAVE_SYS_TIME_H.c
Linking C executable cmTC_0c8bf
/usr/bin/cmake -E cmake_link_script CMakeFiles/cmTC_0c8bf.dir/link.txt --verbose=1
/usr/bin/cc  -Wall -pedantic  -rdynamic CMakeFiles/cmTC_0c8bf.dir/HAVE_SYS_TIME_H.c.o -o cmTC_0c8bf 
gmake[1]: Leaving directory '/home/hemant/Siddhant/RTR/01-XWindows/03-FreeGlut/freeglut-3.4.0/CMakeFiles/CMakeTmp'



Determining if files stdbool.h exist passed with the following output:
Change Dir: /home/hemant/Siddhant/RTR/01-XWindows/03-FreeGlut/freeglut-3.4.0/CMakeFiles/CMakeTmp

Run Build Command(s):/usr/bin/gmake -f Makefile cmTC_cd88a/fast && /usr/bin/gmake  -f CMakeFiles/cmTC_cd88a.dir/build.make CMakeFiles/cmTC_cd88a.dir/build
gmake[1]: Entering directory '/home/hemant/Siddhant/RTR/01-XWindows/03-FreeGlut/freeglut-3.4.0/CMakeFiles/CMakeTmp'
Building C object CMakeFiles/cmTC_cd88a.dir/HAVE_STDBOOL_H.c.o
/usr/bin/cc   -Wall -pedantic  -o CMakeFiles/cmTC_cd88a.dir/HAVE_STDBOOL_H.c.o -c /home/hemant/Siddhant/RTR/01-XWindows/03-FreeGlut/freeglut-3.4.0/CMakeFiles/CheckIncludeFiles/HAVE_STDBOOL_H.c
Linking C executable cmTC_cd88a
/usr/bin/cmake -E cmake_link_script CMakeFiles/cmTC_cd88a.dir/link.txt --verbose=1
/usr/bin/cc  -Wall -pedantic  -rdynamic CMakeFiles/cmTC_cd88a.dir/HAVE_STDBOOL_H.c.o -o cmTC_cd88a 
gmake[1]: Leaving directory '/home/hemant/Siddhant/RTR/01-XWindows/03-FreeGlut/freeglut-3.4.0/CMakeFiles/CMakeTmp'



Determining if files sys/param.h exist passed with the following output:
Change Dir: /home/hemant/Siddhant/RTR/01-XWindows/03-FreeGlut/freeglut-3.4.0/CMakeFiles/CMakeTmp

Run Build Command(s):/usr/bin/gmake -f Makefile cmTC_5702a/fast && /usr/bin/gmake  -f CMakeFiles/cmTC_5702a.dir/build.make CMakeFiles/cmTC_5702a.dir/build
gmake[1]: Entering directory '/home/hemant/Siddhant/RTR/01-XWindows/03-FreeGlut/freeglut-3.4.0/CMakeFiles/CMakeTmp'
Building C object CMakeFiles/cmTC_5702a.dir/HAVE_SYS_PARAM_H.c.o
/usr/bin/cc   -Wall -pedantic  -o CMakeFiles/cmTC_5702a.dir/HAVE_SYS_PARAM_H.c.o -c /home/hemant/Siddhant/RTR/01-XWindows/03-FreeGlut/freeglut-3.4.0/CMakeFiles/CheckIncludeFiles/HAVE_SYS_PARAM_H.c
Linking C executable cmTC_5702a
/usr/bin/cmake -E cmake_link_script CMakeFiles/cmTC_5702a.dir/link.txt --verbose=1
/usr/bin/cc  -Wall -pedantic  -rdynamic CMakeFiles/cmTC_5702a.dir/HAVE_SYS_PARAM_H.c.o -o cmTC_5702a 
gmake[1]: Leaving directory '/home/hemant/Siddhant/RTR/01-XWindows/03-FreeGlut/freeglut-3.4.0/CMakeFiles/CMakeTmp'



Determining if files sys/ioctl.h exist passed with the following output:
Change Dir: /home/hemant/Siddhant/RTR/01-XWindows/03-FreeGlut/freeglut-3.4.0/CMakeFiles/CMakeTmp

Run Build Command(s):/usr/bin/gmake -f Makefile cmTC_06c94/fast && /usr/bin/gmake  -f CMakeFiles/cmTC_06c94.dir/build.make CMakeFiles/cmTC_06c94.dir/build
gmake[1]: Entering directory '/home/hemant/Siddhant/RTR/01-XWindows/03-FreeGlut/freeglut-3.4.0/CMakeFiles/CMakeTmp'
Building C object CMakeFiles/cmTC_06c94.dir/HAVE_SYS_IOCTL_H.c.o
/usr/bin/cc   -Wall -pedantic  -o CMakeFiles/cmTC_06c94.dir/HAVE_SYS_IOCTL_H.c.o -c /home/hemant/Siddhant/RTR/01-XWindows/03-FreeGlut/freeglut-3.4.0/CMakeFiles/CheckIncludeFiles/HAVE_SYS_IOCTL_H.c
Linking C executable cmTC_06c94
/usr/bin/cmake -E cmake_link_script CMakeFiles/cmTC_06c94.dir/link.txt --verbose=1
/usr/bin/cc  -Wall -pedantic  -rdynamic CMakeFiles/cmTC_06c94.dir/HAVE_SYS_IOCTL_H.c.o -o cmTC_06c94 
gmake[1]: Leaving directory '/home/hemant/Siddhant/RTR/01-XWindows/03-FreeGlut/freeglut-3.4.0/CMakeFiles/CMakeTmp'



Determining if files fcntl.h exist passed with the following output:
Change Dir: /home/hemant/Siddhant/RTR/01-XWindows/03-FreeGlut/freeglut-3.4.0/CMakeFiles/CMakeTmp

Run Build Command(s):/usr/bin/gmake -f Makefile cmTC_6a612/fast && /usr/bin/gmake  -f CMakeFiles/cmTC_6a612.dir/build.make CMakeFiles/cmTC_6a612.dir/build
gmake[1]: Entering directory '/home/hemant/Siddhant/RTR/01-XWindows/03-FreeGlut/freeglut-3.4.0/CMakeFiles/CMakeTmp'
Building C object CMakeFiles/cmTC_6a612.dir/HAVE_FCNTL_H.c.o
/usr/bin/cc   -Wall -pedantic  -o CMakeFiles/cmTC_6a612.dir/HAVE_FCNTL_H.c.o -c /home/hemant/Siddhant/RTR/01-XWindows/03-FreeGlut/freeglut-3.4.0/CMakeFiles/CheckIncludeFiles/HAVE_FCNTL_H.c
Linking C executable cmTC_6a612
/usr/bin/cmake -E cmake_link_script CMakeFiles/cmTC_6a612.dir/link.txt --verbose=1
/usr/bin/cc  -Wall -pedantic  -rdynamic CMakeFiles/cmTC_6a612.dir/HAVE_FCNTL_H.c.o -o cmTC_6a612 
gmake[1]: Leaving directory '/home/hemant/Siddhant/RTR/01-XWindows/03-FreeGlut/freeglut-3.4.0/CMakeFiles/CMakeTmp'



Determining if the function gettimeofday exists passed with the following output:
Change Dir: /home/hemant/Siddhant/RTR/01-XWindows/03-FreeGlut/freeglut-3.4.0/CMakeFiles/CMakeTmp

Run Build Command(s):/usr/bin/gmake -f Makefile cmTC_1db11/fast && /usr/bin/gmake  -f CMakeFiles/cmTC_1db11.dir/build.make CMakeFiles/cmTC_1db11.dir/build
gmake[1]: Entering directory '/home/hemant/Siddhant/RTR/01-XWindows/03-FreeGlut/freeglut-3.4.0/CMakeFiles/CMakeTmp'
Building C object CMakeFiles/cmTC_1db11.dir/CheckFunctionExists.c.o
/usr/bin/cc   -Wall -pedantic -DCHECK_FUNCTION_EXISTS=gettimeofday -o CMakeFiles/cmTC_1db11.dir/CheckFunctionExists.c.o -c /usr/share/cmake-3.22/Modules/CheckFunctionExists.c
Linking C executable cmTC_1db11
/usr/bin/cmake -E cmake_link_script CMakeFiles/cmTC_1db11.dir/link.txt --verbose=1
/usr/bin/cc  -Wall -pedantic -DCHECK_FUNCTION_EXISTS=gettimeofday -rdynamic CMakeFiles/cmTC_1db11.dir/CheckFunctionExists.c.o -o cmTC_1db11  -lm 
gmake[1]: Leaving directory '/home/hemant/Siddhant/RTR/01-XWindows/03-FreeGlut/freeglut-3.4.0/CMakeFiles/CMakeTmp'



Determining if files stdint.h exist passed with the following output:
Change Dir: /home/hemant/Siddhant/RTR/01-XWindows/03-FreeGlut/freeglut-3.4.0/CMakeFiles/CMakeTmp

Run Build Command(s):/usr/bin/gmake -f Makefile cmTC_b739f/fast && /usr/bin/gmake  -f CMakeFiles/cmTC_b739f.dir/build.make CMakeFiles/cmTC_b739f.dir/build
gmake[1]: Entering directory '/home/hemant/Siddhant/RTR/01-XWindows/03-FreeGlut/freeglut-3.4.0/CMakeFiles/CMakeTmp'
Building C object CMakeFiles/cmTC_b739f.dir/HAVE_STDINT_H.c.o
/usr/bin/cc   -Wall -pedantic  -o CMakeFiles/cmTC_b739f.dir/HAVE_STDINT_H.c.o -c /home/hemant/Siddhant/RTR/01-XWindows/03-FreeGlut/freeglut-3.4.0/CMakeFiles/CheckIncludeFiles/HAVE_STDINT_H.c
Linking C executable cmTC_b739f
/usr/bin/cmake -E cmake_link_script CMakeFiles/cmTC_b739f.dir/link.txt --verbose=1
/usr/bin/cc  -Wall -pedantic  -rdynamic CMakeFiles/cmTC_b739f.dir/HAVE_STDINT_H.c.o -o cmTC_b739f 
gmake[1]: Leaving directory '/home/hemant/Siddhant/RTR/01-XWindows/03-FreeGlut/freeglut-3.4.0/CMakeFiles/CMakeTmp'



Determining if files inttypes.h exist passed with the following output:
Change Dir: /home/hemant/Siddhant/RTR/01-XWindows/03-FreeGlut/freeglut-3.4.0/CMakeFiles/CMakeTmp

Run Build Command(s):/usr/bin/gmake -f Makefile cmTC_34eb7/fast && /usr/bin/gmake  -f CMakeFiles/cmTC_34eb7.dir/build.make CMakeFiles/cmTC_34eb7.dir/build
gmake[1]: Entering directory '/home/hemant/Siddhant/RTR/01-XWindows/03-FreeGlut/freeglut-3.4.0/CMakeFiles/CMakeTmp'
Building C object CMakeFiles/cmTC_34eb7.dir/HAVE_INTTYPES_H.c.o
/usr/bin/cc   -Wall -pedantic  -o CMakeFiles/cmTC_34eb7.dir/HAVE_INTTYPES_H.c.o -c /home/hemant/Siddhant/RTR/01-XWindows/03-FreeGlut/freeglut-3.4.0/CMakeFiles/CheckIncludeFiles/HAVE_INTTYPES_H.c
Linking C executable cmTC_34eb7
/usr/bin/cmake -E cmake_link_script CMakeFiles/cmTC_34eb7.dir/link.txt --verbose=1
/usr/bin/cc  -Wall -pedantic  -rdynamic CMakeFiles/cmTC_34eb7.dir/HAVE_INTTYPES_H.c.o -o cmTC_34eb7 
gmake[1]: Leaving directory '/home/hemant/Siddhant/RTR/01-XWindows/03-FreeGlut/freeglut-3.4.0/CMakeFiles/CMakeTmp'



