Determining if files usbhid.h exist failed with the following output:
Change Dir: /home/hemant/Siddhant/RTR/01-XWindows/03-FreeGlut/freeglut-3.4.0/CMakeFiles/CMakeTmp

Run Build Command(s):/usr/bin/gmake -f Makefile cmTC_91ee5/fast && /usr/bin/gmake  -f CMakeFiles/cmTC_91ee5.dir/build.make CMakeFiles/cmTC_91ee5.dir/build
gmake[1]: Entering directory '/home/hemant/Siddhant/RTR/01-XWindows/03-FreeGlut/freeglut-3.4.0/CMakeFiles/CMakeTmp'
Building C object CMakeFiles/cmTC_91ee5.dir/HAVE_USBHID_H.c.o
/usr/bin/cc   -Wall -pedantic  -o CMakeFiles/cmTC_91ee5.dir/HAVE_USBHID_H.c.o -c /home/hemant/Siddhant/RTR/01-XWindows/03-FreeGlut/freeglut-3.4.0/CMakeFiles/CheckIncludeFiles/HAVE_USBHID_H.c
/home/hemant/Siddhant/RTR/01-XWindows/03-FreeGlut/freeglut-3.4.0/CMakeFiles/CheckIncludeFiles/HAVE_USBHID_H.c:2:10: fatal error: usbhid.h: No such file or directory
    2 | #include <usbhid.h>
      |          ^~~~~~~~~~
compilation terminated.
gmake[1]: *** [CMakeFiles/cmTC_91ee5.dir/build.make:78: CMakeFiles/cmTC_91ee5.dir/HAVE_USBHID_H.c.o] Error 1
gmake[1]: Leaving directory '/home/hemant/Siddhant/RTR/01-XWindows/03-FreeGlut/freeglut-3.4.0/CMakeFiles/CMakeTmp'
gmake: *** [Makefile:127: cmTC_91ee5/fast] Error 2


Source:
/* */
#include <usbhid.h>


int main(void){return 0;}

Determining if the function XParseGeometry exists failed with the following output:
Change Dir: /home/hemant/Siddhant/RTR/01-XWindows/03-FreeGlut/freeglut-3.4.0/CMakeFiles/CMakeTmp

Run Build Command(s):/usr/bin/gmake -f Makefile cmTC_8ac14/fast && /usr/bin/gmake  -f CMakeFiles/cmTC_8ac14.dir/build.make CMakeFiles/cmTC_8ac14.dir/build
gmake[1]: Entering directory '/home/hemant/Siddhant/RTR/01-XWindows/03-FreeGlut/freeglut-3.4.0/CMakeFiles/CMakeTmp'
Building C object CMakeFiles/cmTC_8ac14.dir/CheckFunctionExists.c.o
/usr/bin/cc   -Wall -pedantic -DCHECK_FUNCTION_EXISTS=XParseGeometry -o CMakeFiles/cmTC_8ac14.dir/CheckFunctionExists.c.o -c /usr/share/cmake-3.22/Modules/CheckFunctionExists.c
Linking C executable cmTC_8ac14
/usr/bin/cmake -E cmake_link_script CMakeFiles/cmTC_8ac14.dir/link.txt --verbose=1
/usr/bin/cc  -Wall -pedantic -DCHECK_FUNCTION_EXISTS=XParseGeometry -rdynamic CMakeFiles/cmTC_8ac14.dir/CheckFunctionExists.c.o -o cmTC_8ac14  -lm 
/usr/bin/ld: CMakeFiles/cmTC_8ac14.dir/CheckFunctionExists.c.o: in function `main':
CheckFunctionExists.c:(.text+0x14): undefined reference to `XParseGeometry'
collect2: error: ld returned 1 exit status
gmake[1]: *** [CMakeFiles/cmTC_8ac14.dir/build.make:99: cmTC_8ac14] Error 1
gmake[1]: Leaving directory '/home/hemant/Siddhant/RTR/01-XWindows/03-FreeGlut/freeglut-3.4.0/CMakeFiles/CMakeTmp'
gmake: *** [Makefile:127: cmTC_8ac14/fast] Error 2



